c:\users\alber\desktop\vj\fib-vj\joc2d\babaisyou\02-bubble\release\baba is you.ipdb
c:\users\alber\desktop\vj\fib-vj\joc2d\babaisyou\02-bubble\release\baba is you.iobj
c:\users\alber\desktop\vj\fib-vj\joc2d\babaisyou\02-bubble\02-bubble\release\vc142.pdb
c:\users\alber\desktop\vj\fib-vj\joc2d\babaisyou\02-bubble\02-bubble\release\tilemap.obj
c:\users\alber\desktop\vj\fib-vj\joc2d\babaisyou\02-bubble\02-bubble\release\texturedquad.obj
c:\users\alber\desktop\vj\fib-vj\joc2d\babaisyou\02-bubble\02-bubble\release\texture.obj
c:\users\alber\desktop\vj\fib-vj\joc2d\babaisyou\02-bubble\02-bubble\release\text.obj
c:\users\alber\desktop\vj\fib-vj\joc2d\babaisyou\02-bubble\02-bubble\release\sprite.obj
c:\users\alber\desktop\vj\fib-vj\joc2d\babaisyou\02-bubble\02-bubble\release\soundmanager.obj
c:\users\alber\desktop\vj\fib-vj\joc2d\babaisyou\02-bubble\02-bubble\release\shaderprogrammanager.obj
c:\users\alber\desktop\vj\fib-vj\joc2d\babaisyou\02-bubble\02-bubble\release\shaderprogram.obj
c:\users\alber\desktop\vj\fib-vj\joc2d\babaisyou\02-bubble\02-bubble\release\shader.obj
c:\users\alber\desktop\vj\fib-vj\joc2d\babaisyou\02-bubble\02-bubble\release\scene.obj
c:\users\alber\desktop\vj\fib-vj\joc2d\babaisyou\02-bubble\02-bubble\release\properties.obj
c:\users\alber\desktop\vj\fib-vj\joc2d\babaisyou\02-bubble\02-bubble\release\player.obj
c:\users\alber\desktop\vj\fib-vj\joc2d\babaisyou\02-bubble\02-bubble\release\object.obj
c:\users\alber\desktop\vj\fib-vj\joc2d\babaisyou\02-bubble\02-bubble\release\menu.obj
c:\users\alber\desktop\vj\fib-vj\joc2d\babaisyou\02-bubble\02-bubble\release\main.obj
c:\users\alber\desktop\vj\fib-vj\joc2d\babaisyou\02-bubble\02-bubble\release\levelsmap.obj
c:\users\alber\desktop\vj\fib-vj\joc2d\babaisyou\02-bubble\02-bubble\release\instructions.obj
c:\users\alber\desktop\vj\fib-vj\joc2d\babaisyou\02-bubble\02-bubble\release\game.obj
c:\users\alber\desktop\vj\fib-vj\joc2d\babaisyou\02-bubble\02-bubble\release\blocks.obj
c:\users\alber\desktop\vj\fib-vj\joc2d\babaisyou\02-bubble\release\baba is you.exe
c:\users\alber\desktop\vj\fib-vj\joc2d\babaisyou\02-bubble\release\baba is you.pdb
c:\users\alber\desktop\vj\fib-vj\joc2d\babaisyou\02-bubble\02-bubble\release\baba is you.res
c:\users\alber\desktop\vj\fib-vj\joc2d\babaisyou\02-bubble\02-bubble\release\baba is you.tlog\baba is you.write.1u.tlog
c:\users\alber\desktop\vj\fib-vj\joc2d\babaisyou\02-bubble\02-bubble\release\baba is you.tlog\cl.command.1.tlog
c:\users\alber\desktop\vj\fib-vj\joc2d\babaisyou\02-bubble\02-bubble\release\baba is you.tlog\cl.read.1.tlog
c:\users\alber\desktop\vj\fib-vj\joc2d\babaisyou\02-bubble\02-bubble\release\baba is you.tlog\cl.write.1.tlog
c:\users\alber\desktop\vj\fib-vj\joc2d\babaisyou\02-bubble\02-bubble\release\baba is you.tlog\link.command.1.tlog
c:\users\alber\desktop\vj\fib-vj\joc2d\babaisyou\02-bubble\02-bubble\release\baba is you.tlog\link.read.1.tlog
c:\users\alber\desktop\vj\fib-vj\joc2d\babaisyou\02-bubble\02-bubble\release\baba is you.tlog\link.write.1.tlog
c:\users\alber\desktop\vj\fib-vj\joc2d\babaisyou\02-bubble\02-bubble\release\baba is you.tlog\rc.command.1.tlog
c:\users\alber\desktop\vj\fib-vj\joc2d\babaisyou\02-bubble\02-bubble\release\baba is you.tlog\rc.read.1.tlog
c:\users\alber\desktop\vj\fib-vj\joc2d\babaisyou\02-bubble\02-bubble\release\baba is you.tlog\rc.write.1.tlog
